e:\projects\graphics\oasis-renderer\oasis renderer project\oasis re.5e6d14b0\x64\debug\vc143.pdb
e:\projects\graphics\oasis-renderer\oasis renderer project\oasis re.5e6d14b0\x64\debug\vc143.idb
e:\projects\graphics\oasis-renderer\oasis renderer project\oasis re.5e6d14b0\x64\debug\systemmanager.obj
e:\projects\graphics\oasis-renderer\oasis renderer project\oasis re.5e6d14b0\x64\debug\main.obj
e:\projects\graphics\oasis-renderer\oasis renderer project\oasis re.5e6d14b0\x64\debug\windowmanager.obj
e:\projects\graphics\oasis-renderer\oasis renderer project\oasis re.5e6d14b0\x64\debug\gameobject.obj
e:\projects\graphics\oasis-renderer\oasis renderer project\oasis re.5e6d14b0\x64\debug\graphics.obj
e:\projects\graphics\oasis-renderer\oasis renderer project\oasis re.5e6d14b0\x64\debug\glad.obj
e:\projects\graphics\oasis-renderer\oasis renderer project\x64\debug\oasis renderer project.exe
e:\projects\graphics\oasis-renderer\oasis renderer project\x64\debug\oasis renderer project.pdb
e:\projects\graphics\oasis-renderer\oasis renderer project\oasis re.5e6d14b0\x64\debug\oasis renderer project.ilk
d:\projects\graphics\oasis-renderer\oasis renderer project\oasis re.5e6d14b0\x64\debug\gameobject.obj
d:\projects\graphics\oasis-renderer\oasis renderer project\oasis re.5e6d14b0\x64\debug\glad.obj
d:\projects\graphics\oasis-renderer\oasis renderer project\oasis re.5e6d14b0\x64\debug\graphics.obj
d:\projects\graphics\oasis-renderer\oasis renderer project\oasis re.5e6d14b0\x64\debug\main.obj
d:\projects\graphics\oasis-renderer\oasis renderer project\oasis re.5e6d14b0\x64\debug\systemmanager.obj
d:\projects\graphics\oasis-renderer\oasis renderer project\oasis re.5e6d14b0\x64\debug\windowmanager.obj
d:\projects\graphics\oasis-renderer\oasis renderer project\oasis re.5e6d14b0\x64\debug\oasis renderer project.ilk
d:\projects\graphics\oasis-renderer\oasis renderer project\oasis re.5e6d14b0\x64\debug\vc143.idb
d:\projects\graphics\oasis-renderer\oasis renderer project\oasis re.5e6d14b0\x64\debug\vc143.pdb
d:\projects\graphics\oasis-renderer\oasis renderer project\x64\debug\oasis renderer project.pdb
d:\projects\graphics\oasis-renderer\oasis renderer project\x64\debug\oasis renderer project.exe
d:\projects\graphics\oasis-renderer\oasis renderer project\oasis re.5e6d14b0\x64\debug\oasis re.5e6d14b0.tlog\cl.command.1.tlog
d:\projects\graphics\oasis-renderer\oasis renderer project\oasis re.5e6d14b0\x64\debug\oasis re.5e6d14b0.tlog\cl.items.tlog
d:\projects\graphics\oasis-renderer\oasis renderer project\oasis re.5e6d14b0\x64\debug\oasis re.5e6d14b0.tlog\cl.read.1.tlog
d:\projects\graphics\oasis-renderer\oasis renderer project\oasis re.5e6d14b0\x64\debug\oasis re.5e6d14b0.tlog\cl.write.1.tlog
d:\projects\graphics\oasis-renderer\oasis renderer project\oasis re.5e6d14b0\x64\debug\oasis re.5e6d14b0.tlog\link.command.1.tlog
d:\projects\graphics\oasis-renderer\oasis renderer project\oasis re.5e6d14b0\x64\debug\oasis re.5e6d14b0.tlog\link.read.1.tlog
d:\projects\graphics\oasis-renderer\oasis renderer project\oasis re.5e6d14b0\x64\debug\oasis re.5e6d14b0.tlog\link.secondary.1.tlog
d:\projects\graphics\oasis-renderer\oasis renderer project\oasis re.5e6d14b0\x64\debug\oasis re.5e6d14b0.tlog\link.write.1.tlog
